<?xml version="1.0" encoding="UTF-8"?>
<!-- Generated by org.testng.reporters.JUnitXMLReporter -->
<testsuite ignored="0" hostname="Mac.lan" failures="0" tests="4" name="Default test" time="2.034" errors="0" timestamp="2025-04-20T16:45:39 CDT">
  <testcase classname="api.test.UserTests" name="testPostUser" time="0.837"/>
  <testcase classname="api.test.UserTests" name="testGetUserByName" time="0.231"/>
  <testcase classname="api.test.UserTests" name="testUpdatetUserByUserName" time="0.454"/>
  <testcase classname="api.test.UserTests" name="deletetUserByName" time="0.208"/>
</testsuite> <!-- Default test -->
