<?xml version="1.0" encoding="UTF-8"?>
<testsuite xmlns:xsi="http://www.w3.org/2001/XMLSchema-instance" xsi:noNamespaceSchemaLocation="https://maven.apache.org/surefire/maven-surefire-plugin/xsd/surefire-test-report.xsd" version="3.0.2" name="TestSuite" time="6.621" tests="4" errors="0" skipped="0" failures="0">
  <properties>
[...]
</properties>
  <testcase name="testPostUser" classname="api.test.UserTests" time="3.106">
    <system-out><![CDATA[HTTP/1.1 200 OK
Date: Sun, 20 Apr 2025 23:02:22 GMT
Content-Type: application/json
Transfer-Encoding: chunked
Connection: keep-alive
Access-Control-Allow-Origin: *
Access-Control-Allow-Methods: GET, POST, DELETE, PUT
Access-Control-Allow-Headers: Content-Type, api_key, Authorization
Server: Jetty(9.2.9.v20150224)

{
    "code": 200,
    "type": "unknown",
    "message": "2085745483"
}
]]></system-out>
    <system-err><![CDATA[SLF4J(W): No SLF4J providers were found.
SLF4J(W): Defaulting to no-operation (NOP) logger implementation
SLF4J(W): See https://www.slf4j.org/codes.html#noProviders for further details.
]]></system-err>
  </testcase>
  <testcase name="testGetUserByName" classname="api.test.UserTests" time="0.333">
    <system-out><![CDATA[HTTP/1.1 200 OK
Date: Sun, 20 Apr 2025 23:02:22 GMT
Content-Type: application/json
Transfer-Encoding: chunked
Connection: keep-alive
Access-Control-Allow-Origin: *
Access-Control-Allow-Methods: GET, POST, DELETE, PUT
Access-Control-Allow-Headers: Content-Type, api_key, Authorization
Server: Jetty(9.2.9.v20150224)

{
    "id": 2085745483,
    "username": "sylvester.simonis",
    "firstName": "Alec",
    "lastName": "Deckow",
    "email": "katharyn.beatty@example.com",
    "password": "ppjlsqav8",
    "phone": "220.725.2127",
    "userStatus": 0
}
]]></system-out>
  </testcase>
  <testcase name="testUpdatetUserByUserName" classname="api.test.UserTests" time="0.587">
    <system-out><![CDATA[{
    "code": 200,
    "type": "unknown",
    "message": "2085745483"
}
{
    "id": 2085745483,
    "username": "sylvester.simonis",
    "firstName": "Earnest",
    "lastName": "Lakin",
    "email": "shirl.runolfsson@example.com",
    "password": "ppjlsqav8",
    "phone": "220.725.2127",
    "userStatus": 0
}
]]></system-out>
  </testcase>
  <testcase name="deletetUserByName" classname="api.test.UserTests" time="0.256"/>
</testsuite>