<?xml version="1.0" encoding="UTF-8"?>
<testng-results ignored="0" total="4" passed="4" failed="0" skipped="0">
  <reporter-output>
  </reporter-output>
  <suite started-at="2025-04-20T16:45:37 CDT" name="Default suite" finished-at="2025-04-20T16:45:39 CDT" duration-ms="2034">
    <groups>
    </groups>
    <test started-at="2025-04-20T16:45:37 CDT" name="Default test" finished-at="2025-04-20T16:45:39 CDT" duration-ms="2034">
      <class name="api.test.UserTests">
        <test-method is-config="true" signature="setup()[pri:0, instance:api.test.UserTests@443118b0]" started-at="2025-04-20T16:45:37 CDT" name="setup" finished-at="2025-04-20T16:45:37 CDT" duration-ms="288" status="PASS">
          <reporter-output>
          </reporter-output>
        </test-method> <!-- setup -->
        <test-method signature="testPostUser()[pri:1, instance:api.test.UserTests@443118b0]" started-at="2025-04-20T16:45:37 CDT" name="testPostUser" finished-at="2025-04-20T16:45:38 CDT" duration-ms="837" status="PASS">
          <reporter-output>
          </reporter-output>
        </test-method> <!-- testPostUser -->
        <test-method signature="testGetUserByName()[pri:2, instance:api.test.UserTests@443118b0]" started-at="2025-04-20T16:45:38 CDT" name="testGetUserByName" finished-at="2025-04-20T16:45:38 CDT" duration-ms="231" status="PASS">
          <reporter-output>
          </reporter-output>
        </test-method> <!-- testGetUserByName -->
        <test-method signature="testUpdatetUserByUserName()[pri:3, instance:api.test.UserTests@443118b0]" started-at="2025-04-20T16:45:38 CDT" name="testUpdatetUserByUserName" finished-at="2025-04-20T16:45:39 CDT" duration-ms="454" status="PASS">
          <reporter-output>
          </reporter-output>
        </test-method> <!-- testUpdatetUserByUserName -->
        <test-method signature="deletetUserByName()[pri:4, instance:api.test.UserTests@443118b0]" started-at="2025-04-20T16:45:39 CDT" name="deletetUserByName" finished-at="2025-04-20T16:45:39 CDT" duration-ms="208" status="PASS">
          <reporter-output>
          </reporter-output>
        </test-method> <!-- deletetUserByName -->
      </class> <!-- api.test.UserTests -->
    </test> <!-- Default test -->
  </suite> <!-- Default suite -->
</testng-results>
