<?xml version="1.0" encoding="UTF-8"?>
<!-- Generated by org.testng.reporters.JUnitXMLReporter -->
<testsuite ignored="0" hostname="Mac.lan" failures="1" tests="4" name="PetTest" time="1.695" errors="0" timestamp="2025-04-19T23:38:10 CDT">
  <testcase classname="api.test.UserTestsProperties" name="testPostUser" time="0.846"/>
  <testcase classname="api.test.UserTestsProperties" name="testGetUserByName" time="0.228"/>
  <testcase classname="api.test.UserTestsProperties" name="testUpdatetUserByUserName" time="0.001">
    <failure type="java.util.MissingResourceException" message="Can&amp;apos;t find resource for bundle java.util.PropertyResourceBundle, key put_url">
      <![CDATA[java.util.MissingResourceException: Can't find resource for bundle java.util.PropertyResourceBundle, key put_url
at java.base/java.util.ResourceBundle.getObject(ResourceBundle.java:564)
at java.base/java.util.ResourceBundle.getString(ResourceBundle.java:521)
at api.endpoints.UserEndPointsProperties.updateUser(UserEndPointsProperties.java:48)
at api.test.UserTestsProperties.testUpdatetUserByUserName(UserTestsProperties.java:78)
at java.base/java.util.ArrayList.forEach(ArrayList.java:1541)
... Removed 27 stack frames]]>
    </failure>
  </testcase> <!-- testUpdatetUserByUserName -->
  <testcase classname="api.test.UserTestsProperties" name="deletetUserByName" time="0.209"/>
</testsuite> <!-- PetTest -->
